<?xml version="1.0" encoding="UTF-8"?>
<!-- Generated by org.testng.reporters.JUnitReportReporter -->
<testsuite hostname="SPGLT-04" failures="0" tests="1" name="deriv_automation.web.LoginPageTest" time="8.646" errors="0" timestamp="2023-10-12T18:06:23 IST" skipped="0">
  <testcase classname="deriv_automation.web.LoginPageTest" name="loginTest" time="8.646"/>
  <system-out/>
</testsuite> <!-- deriv_automation.web.LoginPageTest -->
