<?xml version="1.0" encoding="UTF-8"?>
<!-- Generated by org.testng.reporters.JUnitReportReporter -->
<testsuite hostname="SPGLT-04" failures="0" tests="1" name="deriv_automation.MyInfoPageTest" time="5.274" errors="0" timestamp="2023-10-11T01:27:54 IST" skipped="0">
  <testcase classname="deriv_automation.MyInfoPageTest" name="myInfoTest" time="5.274"/>
  <system-out/>
</testsuite> <!-- deriv_automation.MyInfoPageTest -->
