<?xml version="1.0" encoding="UTF-8"?>
<!-- Generated by org.testng.reporters.JUnitReportReporter -->
<testsuite hostname="SPGLT-04" failures="0" tests="1" name="hybridTest.mobile.CalculatorAppTest" time="17.395" errors="0" timestamp="2023-10-20T12:51:27 IST" skipped="0">
  <testcase classname="hybridTest.mobile.CalculatorAppTest" name="testCalculatorOperations" time="17.395"/>
  <system-out/>
</testsuite> <!-- hybridTest.mobile.CalculatorAppTest -->
