<?xml version="1.0" encoding="UTF-8"?>
<!-- Generated by org.testng.reporters.JUnitReportReporter -->
<testsuite hostname="SPGLT-04" failures="0" tests="2" name="deriv_automation.web.MobileResponsiveTest" time="16.886" errors="0" timestamp="2023-10-12T15:41:36 IST" skipped="0">
  <testcase classname="deriv_automation.web.MobileResponsiveTest" name="fillProfileForm" time="11.819"/>
  <system-out/>
  <testcase classname="deriv_automation.web.MobileResponsiveTest" name="fillProfileForm" time="5.067"/>
  <system-out/>
</testsuite> <!-- deriv_automation.web.MobileResponsiveTest -->
