<?xml version="1.0" encoding="UTF-8"?>
<!-- Generated by org.testng.reporters.JUnitReportReporter -->
<testsuite hostname="SPGLT-04" failures="0" tests="2" name="hybridTest.web.MobileResponsiveTest" time="9.390" errors="0" timestamp="2023-10-20T12:49:12 IST" skipped="0">
  <testcase classname="hybridTest.web.MobileResponsiveTest" name="fillProfileForm" time="6.334"/>
  <system-out/>
  <testcase classname="hybridTest.web.MobileResponsiveTest" name="fillProfileForm" time="3.056"/>
  <system-out/>
</testsuite> <!-- hybridTest.web.MobileResponsiveTest -->
