<?xml version="1.0" encoding="UTF-8"?>
<!-- Generated by org.testng.reporters.JUnitReportReporter -->
<testsuite hostname="SPGLT-04" failures="0" tests="1" name="deriv_automation.mobile.CalculatorAppTest" time="18.566" errors="0" timestamp="2023-10-13T18:01:01 IST" skipped="0">
  <testcase classname="deriv_automation.mobile.CalculatorAppTest" name="testCalculatorOperations" time="18.566"/>
  <system-out/>
</testsuite> <!-- deriv_automation.mobile.CalculatorAppTest -->
