<?xml version="1.0" encoding="UTF-8"?>
<!-- Generated by org.testng.reporters.JUnitReportReporter -->
<testsuite hostname="SPGLT-04" failures="0" tests="1" name="hybridTest.web.LoginPageTest" time="8.822" errors="0" timestamp="2023-10-20T12:47:14 IST" skipped="0">
  <testcase classname="hybridTest.web.LoginPageTest" name="loginTest" time="8.822"/>
  <system-out/>
</testsuite> <!-- hybridTest.web.LoginPageTest -->
